<?xml version="1.0" encoding="UTF-8"?>
<!-- Generated by org.testng.reporters.JUnitXMLReporter -->
<testsuite ignored="0" hostname="DESKTOP-6NT5NBC" failures="0" tests="4" name="Default test" time="92.32" errors="0" timestamp="2023-05-27T15:07:11 ALMT">
  <testcase classname="ui_validation.DataProviderLiveTest" name="test1" time="38.576"/>
  <testcase classname="ui_validation.DataProviderLiveTest" name="test1" time="19.086"/>
  <testcase classname="ui_validation.DataProviderLiveTest" name="test1" time="14.0"/>
  <testcase classname="ui_validation.DataProviderLiveTest" name="test1" time="20.588"/>
</testsuite> <!-- Default test -->
