<?xml version="1.0" encoding="UTF-8"?>
<!-- Generated by org.testng.reporters.JUnitXMLReporter -->
<testsuite ignored="3" hostname="DESKTOP-6NT5NBC" failures="0" tests="3" name="Regression" time="0.075" errors="0" timestamp="2023-05-17T18:48:25 ALMT">
  <testcase classname="ui_validation.HowToGroup_TestCases" name="Test3" time="0.017"/>
  <testcase classname="ui_validation.HowToGroup_TestCases" name="Test2" time="0.002"/>
  <testcase classname="ui_validation.FirstTestNG_login" name="Test2" time="0.001"/>
  <testcase classname="ui_validation.FirstTestNG_login" name="Test1" time="0.0">
    <ignored/>
  </testcase> <!-- Test1 -->
  <testcase classname="ui_validation.HowToGroup_TestCases" name="Test1" time="0.0">
    <ignored/>
  </testcase> <!-- Test1 -->
  <testcase classname="ui_validation.HowToGroup_TestCases" name="Test4" time="0.0">
    <ignored/>
  </testcase> <!-- Test4 -->
</testsuite> <!-- Regression -->
