<?xml version="1.0" encoding="UTF-8"?>
<!-- Generated by org.testng.reporters.JUnitXMLReporter -->
<testsuite ignored="0" hostname="DESKTOP-6NT5NBC" failures="0" tests="4" name="Functional" time="0.084" errors="0" timestamp="2023-05-18T01:30:45 ALMT">
  <testcase classname="ui_validation.HowToGroup_TestCases" name="Test3" time="0.011"/>
  <testcase classname="ui_validation.HowToGroup_TestCases" name="Test4" time="0.003"/>
  <testcase classname="ui_validation.HowToGroup_TestCases" name="Test1" time="0.002"/>
  <testcase classname="ui_validation.HowToGroup_TestCases" name="Test2" time="0.003"/>
</testsuite> <!-- Functional -->
