<?xml version="1.0" encoding="UTF-8"?>
<!-- Generated by org.testng.reporters.JUnitXMLReporter -->
<testsuite ignored="2" hostname="DESKTOP-6NT5NBC" failures="0" tests="6" name="GRP-Regression" time="0.094" errors="0" timestamp="2023-05-18T00:28:30 ALMT">
  <testcase classname="ui_validation.HowToGroup_TestCases" name="Test3" time="0.016"/>
  <testcase classname="ui_validation.HowToGroup_TestCases" name="Test4" time="0.001"/>
  <testcase classname="ui_validation.HowToGroup_TestCases" name="Test1" time="0.002"/>
  <testcase classname="ui_validation.BeforeClass_BeforeGroups" name="Test3" time="0.001"/>
  <testcase classname="ui_validation.BeforeClass_BeforeGroups" name="Test4" time="0.002"/>
  <testcase classname="ui_validation.BeforeClass_BeforeGroups" name="Test1" time="0.002"/>
  <testcase classname="ui_validation.BeforeClass_BeforeGroups" name="Test2" time="0.0">
    <ignored/>
  </testcase> <!-- Test2 -->
  <testcase classname="ui_validation.HowToGroup_TestCases" name="Test2" time="0.0">
    <ignored/>
  </testcase> <!-- Test2 -->
</testsuite> <!-- GRP-Regression -->
