<?xml version="1.0" encoding="UTF-8"?>
<!-- Generated by org.testng.reporters.JUnitXMLReporter -->
<testsuite ignored="0" hostname="DESKTOP-6NT5NBC" failures="0" tests="10" name="GRP-SmokeTest,Regression" time="0.137" errors="0" timestamp="2023-05-18T00:07:52 ALMT">
  <testcase classname="ui_validation.FirstTestNG_login" name="Test1" time="0.018"/>
  <testcase classname="ui_validation.FirstTestNG_login" name="Test2" time="0.001"/>
  <testcase classname="ui_validation.HowToGroup_TestCases" name="Test3" time="0.003"/>
  <testcase classname="ui_validation.HowToGroup_TestCases" name="Test4" time="0.002"/>
  <testcase classname="ui_validation.HowToGroup_TestCases" name="Test1" time="0.001"/>
  <testcase classname="ui_validation.HowToGroup_TestCases" name="Test2" time="0.002"/>
  <testcase classname="ui_validation.BeforeClass_BeforeGroups" name="Test3" time="0.002"/>
  <testcase classname="ui_validation.BeforeClass_BeforeGroups" name="Test4" time="0.002"/>
  <testcase classname="ui_validation.BeforeClass_BeforeGroups" name="Test1" time="0.003"/>
  <testcase classname="ui_validation.BeforeClass_BeforeGroups" name="Test2" time="0.003"/>
</testsuite> <!-- GRP-SmokeTest,Regression -->
