<?xml version="1.0" encoding="UTF-8"?>
<!-- Generated by org.testng.reporters.JUnitXMLReporter -->
<testsuite ignored="2" hostname="DESKTOP-6NT5NBC" failures="0" tests="2" name="GRP-SmokeTesting" time="0.083" errors="0" timestamp="2023-05-17T14:54:07 ALMT">
  <testcase classname="ui_validation.HowToGroup_TestCases" name="Test3" time="0.016"/>
  <testcase classname="ui_validation.HowToGroup_TestCases" name="Test2" time="0.003"/>
  <testcase classname="ui_validation.HowToGroup_TestCases" name="Test1" time="0.0">
    <ignored/>
  </testcase> <!-- Test1 -->
  <testcase classname="ui_validation.HowToGroup_TestCases" name="Test4" time="0.0">
    <ignored/>
  </testcase> <!-- Test4 -->
</testsuite> <!-- GRP-SmokeTesting -->
