<?xml version="1.0" encoding="UTF-8"?>
<!-- Generated by org.testng.reporters.JUnitXMLReporter -->
<testsuite ignored="4" hostname="DESKTOP-6NT5NBC" failures="0" tests="4" name="GRP-SmokeTest" time="0.171" errors="0" timestamp="2023-05-18T01:05:29 ALMT">
  <testcase classname="ui_validation.HowToGroup_TestCases" name="Test3" time="0.017"/>
  <testcase classname="ui_validation.HowToGroup_TestCases" name="Test2" time="0.003"/>
  <testcase classname="ui_validation.BeforeClass_BeforeGroups" name="Test3" time="0.004"/>
  <testcase classname="ui_validation.BeforeClass_BeforeGroups" name="Test2" time="0.005"/>
  <testcase classname="ui_validation.BeforeClass_BeforeGroups" name="Test4" time="0.0">
    <ignored/>
  </testcase> <!-- Test4 -->
  <testcase classname="ui_validation.HowToGroup_TestCases" name="Test1" time="0.0">
    <ignored/>
  </testcase> <!-- Test1 -->
  <testcase classname="ui_validation.HowToGroup_TestCases" name="Test4" time="0.0">
    <ignored/>
  </testcase> <!-- Test4 -->
  <testcase classname="ui_validation.BeforeClass_BeforeGroups" name="Test1" time="0.0">
    <ignored/>
  </testcase> <!-- Test1 -->
</testsuite> <!-- GRP-SmokeTest -->
