<?xml version="1.0" encoding="UTF-8"?>
<!-- Generated by org.testng.reporters.JUnitXMLReporter -->
<testsuite ignored="0" hostname="DESKTOP-6NT5NBC" failures="0" tests="4" name="GRP-Sign-up" time="0.092" errors="0" timestamp="2023-05-17T14:56:32 ALMT">
  <testcase classname="ui_validation.HowToGroup_TestCases" name="Test3" time="0.019"/>
  <testcase classname="ui_validation.HowToGroup_TestCases" name="Test4" time="0.003"/>
  <testcase classname="ui_validation.HowToGroup_TestCases" name="Test1" time="0.002"/>
  <testcase classname="ui_validation.HowToGroup_TestCases" name="Test2" time="0.003"/>
</testsuite> <!-- GRP-Sign-up -->
